<?xml version="1.0" encoding="UTF-8"?>
<testsuite xmlns:xsi="http://www.w3.org/2001/XMLSchema-instance" xsi:noNamespaceSchemaLocation="https://maven.apache.org/surefire/maven-surefire-plugin/xsd/surefire-test-report.xsd" version="3.0.2" name="org.kevinlin.springbootmall.controller.UserControllerTest" time="1.053" tests="7" errors="0" skipped="0" failures="0">
  <properties>
[...]
</properties>
  <testcase name="register_invalidEmailFormat" classname="org.kevinlin.springbootmall.controller.UserControllerTest" time="0.06">
    <system-out><![CDATA[2025-06-09T00:54:58.035+08:00  INFO 4838 --- [           main] t.c.s.AnnotationConfigContextLoaderUtils : Could not detect default configuration classes for test class [org.kevinlin.springbootmall.controller.UserControllerTest]: UserControllerTest does not declare any static, non-private, non-final, nested classes annotated with @Configuration.
2025-06-09T00:54:58.040+08:00  INFO 4838 --- [           main] .b.t.c.SpringBootTestContextBootstrapper : Found @SpringBootConfiguration org.kevinlin.springbootmall.SpringbootMallApplication for test class org.kevinlin.springbootmall.controller.UserControllerTest

  .   ____          _            __ _ _
 /\\ / ___'_ __ _ _(_)_ __  __ _ \ \ \ \
( ( )\___ | '_ | '_| | '_ \/ _` | \ \ \ \
 \\/  ___)| |_)| | | | | || (_| |  ) ) ) )
  '  |____| .__|_| |_|_| |_\__, | / / / /
 =========|_|==============|___/=/_/_/_/

 :: Spring Boot ::                (v3.4.4)

2025-06-09T00:54:58.051+08:00  INFO 4838 --- [           main] o.k.s.controller.UserControllerTest      : Starting UserControllerTest using Java 23.0.2 with PID 4838 (started by kevin in /Users/kevin/Desktop/GITexercise/springboot-mall)
2025-06-09T00:54:58.051+08:00  INFO 4838 --- [           main] o.k.s.controller.UserControllerTest      : The following 1 profile is active: "test"
2025-06-09T00:54:58.126+08:00  INFO 4838 --- [           main] .s.d.r.c.RepositoryConfigurationDelegate : Multiple Spring Data modules found, entering strict repository configuration mode
2025-06-09T00:54:58.126+08:00  INFO 4838 --- [           main] .s.d.r.c.RepositoryConfigurationDelegate : Bootstrapping Spring Data Redis repositories in DEFAULT mode.
2025-06-09T00:54:58.129+08:00  INFO 4838 --- [           main] .s.d.r.c.RepositoryConfigurationDelegate : Finished Spring Data repository scanning in 2 ms. Found 0 Redis repository interfaces.
2025-06-09T00:54:58.161+08:00  INFO 4838 --- [           main] com.zaxxer.hikari.HikariDataSource       : HikariPool-3 - Starting...
2025-06-09T00:54:58.162+08:00  INFO 4838 --- [           main] com.zaxxer.hikari.pool.HikariPool        : HikariPool-3 - Added connection conn17: url=jdbc:h2:mem:d5887e67-b56a-431a-bfe6-df192f8f09c6 user=SA
2025-06-09T00:54:58.162+08:00  INFO 4838 --- [           main] com.zaxxer.hikari.HikariDataSource       : HikariPool-3 - Start completed.
2025-06-09T00:54:58.196+08:00  INFO 4838 --- [           main] r$InitializeUserDetailsManagerConfigurer : Global AuthenticationManager configured with UserDetailsService bean with name myUserDetailService
2025-06-09T00:54:58.268+08:00  INFO 4838 --- [           main] o.s.b.a.h2.H2ConsoleAutoConfiguration    : H2 console available at '/h2-console'. Database available at 'jdbc:h2:mem:d5887e67-b56a-431a-bfe6-df192f8f09c6'
2025-06-09T00:54:58.275+08:00  INFO 4838 --- [           main] o.s.b.t.m.w.SpringBootMockServletContext : Initializing Spring TestDispatcherServlet ''
2025-06-09T00:54:58.275+08:00  INFO 4838 --- [           main] o.s.t.web.servlet.TestDispatcherServlet  : Initializing Servlet ''
2025-06-09T00:54:58.275+08:00  INFO 4838 --- [           main] o.s.t.web.servlet.TestDispatcherServlet  : Completed initialization in 0 ms
2025-06-09T00:54:58.280+08:00  INFO 4838 --- [           main] o.k.s.controller.UserControllerTest      : Started UserControllerTest in 0.238 seconds (process running for 2.69)
2025-06-09T00:54:58.338+08:00  WARN 4838 --- [           main] .w.s.m.s.DefaultHandlerExceptionResolver : Resolved [org.springframework.web.bind.MethodArgumentNotValidException: Validation failed for argument [0] in public org.springframework.http.ResponseEntity<org.kevinlin.springbootmall.model.Users> org.kevinlin.springbootmall.controller.UserController.register(org.kevinlin.springbootmall.dto.UserRegisterRequest): [Field error in object 'userRegisterRequest' on field 'email': rejected value [3gd8e7q34l9]; codes [Email.userRegisterRequest.email,Email.email,Email.java.lang.String,Email]; arguments [org.springframework.context.support.DefaultMessageSourceResolvable: codes [userRegisterRequest.email,email]; arguments []; default message [email],[Ljakarta.validation.constraints.Pattern$Flag;@33e6176b,.*]; default message [must be a well-formed email address]] ]
]]></system-out>
  </testcase>
  <testcase name="login_invalidEmailFormat" classname="org.kevinlin.springbootmall.controller.UserControllerTest" time="0.177">
    <system-out><![CDATA[使用者於 Mon Jun 09 00:54:58 CST 2025 嘗試從 null 登入
]]></system-out>
  </testcase>
  <testcase name="login_success" classname="org.kevinlin.springbootmall.controller.UserControllerTest" time="0.172">
    <system-out><![CDATA[使用者於 Mon Jun 09 00:54:58 CST 2025 嘗試從 null 登入
]]></system-out>
  </testcase>
  <testcase name="register_emailAlreadyExist" classname="org.kevinlin.springbootmall.controller.UserControllerTest" time="0.078">
    <system-out><![CDATA[2025-06-09T00:54:58.767+08:00  WARN 4838 --- [           main] o.k.s.service.impl.UserServiceImpl       : User with email test2@gmail.com already exists
]]></system-out>
  </testcase>
  <testcase name="register_success" classname="org.kevinlin.springbootmall.controller.UserControllerTest" time="0.091"/>
  <testcase name="login_wrongPassword" classname="org.kevinlin.springbootmall.controller.UserControllerTest" time="0.152">
    <system-out><![CDATA[使用者於 Mon Jun 09 00:54:58 CST 2025 嘗試從 null 登入
]]></system-out>
  </testcase>
  <testcase name="login_emailNotExist" classname="org.kevinlin.springbootmall.controller.UserControllerTest" time="0.074">
    <system-out><![CDATA[使用者於 Mon Jun 09 00:54:59 CST 2025 嘗試從 null 登入
]]></system-out>
  </testcase>
</testsuite>